Application tried to create a window, but no driver could be loaded.
Make sure that your X server is running and that $DISPLAY is set correctly.
err:systray:initialize_systray Could not create tray window
Application tried to create a window, but no driver could be loaded.
Make sure that your X server is running and that $DISPLAY is set correctly.
fixme:system:SetProcessDPIAware stub!
fixme:ver:GetCurrentPackageId (0x3afe9c8 (nil)): stub
fixme:wlanapi:WlanOpenHandle (1, (nil), 0x33f380, 0x35d2dc8) stub
fixme:toolhelp:CreateToolhelp32Snapshot Unimplemented: heap list snapshot
fixme:toolhelp:Heap32ListFirst : stub
[INFO  - 2016-02-03T18:43:08.503Z] GhostDriver - Main - running on port 51230
[INFO  - 2016-02-03T18:43:09.430Z] Session [f89ea7f0-caa5-11e5-88b7-5377abadbba8] - page.settings - {"XSSAuditingEnabled":false,"javascriptCanCloseWindows":true,"javascriptCanOpenWindows":true,"javascriptEnabled":true,"loadImages":true,"localToRemoteUrlAccessEnabled":false,"userAgent":"Mozilla/5.0 (Windows NT 5.1; WOW64) AppleWebKit/538.1 (KHTML, like Gecko) PhantomJS/2.1.1 Safari/538.1","webSecurityEnabled":true}
[INFO  - 2016-02-03T18:43:09.430Z] Session [f89ea7f0-caa5-11e5-88b7-5377abadbba8] - page.customHeaders:  - {}
[INFO  - 2016-02-03T18:43:09.430Z] Session [f89ea7f0-caa5-11e5-88b7-5377abadbba8] - Session.negotiatedCapabilities - {"browserName":"phantomjs","version":"2.1.1","driverName":"ghostdriver","driverVersion":"1.2.0","platform":"windows-XP-32bit","javascriptEnabled":true,"takesScreenshot":true,"handlesAlerts":false,"databaseEnabled":false,"locationContextEnabled":false,"applicationCacheEnabled":false,"browserConnectionEnabled":false,"cssSelectorsEnabled":true,"webStorageEnabled":false,"rotatable":false,"acceptSslCerts":false,"nativeEvents":true,"proxy":{"proxyType":"direct"}}
[INFO  - 2016-02-03T18:43:09.430Z] SessionManagerReqHand - _postNewSessionCommand - New Session Created: f89ea7f0-caa5-11e5-88b7-5377abadbba8
fixme:winhttp:WinHttpDetectAutoProxyConfigUrl discovery via DHCP not supported
Fatal Windows exception, code 0xc0000005.
PhantomJS has crashed. Please read the bug reporting guide at
<http://phantomjs.org/bug-reporting.html> and file a bug report.
Fatal Windows exception, code 0xc0000005.
PhantomJS has crashed. Please read the bug reporting guide at
<http://phantomjs.org/bug-reporting.html> and file a bug report.
Fatal Windows exception, code 0xc0000005.
PhantomJS has crashed. Please read the bug reporting guide at
<http://phantomjs.org/bug-reporting.html> and file a bug report.
